0 info it worked if it ends with ok
1 verbose cli [ '/usr/local/bin/node', '/usr/local/bin/npm', 'run', 'build' ]
2 info using npm@3.10.10
3 info using node@v7.3.0
4 verbose run-script [ 'prebuild', 'build', 'postbuild' ]
5 info lifecycle react-social@1.0.0~prebuild: react-social@1.0.0
6 silly lifecycle react-social@1.0.0~prebuild: no script for prebuild, continuing
7 info lifecycle react-social@1.0.0~build: react-social@1.0.0
8 verbose lifecycle react-social@1.0.0~build: unsafe-perm in lifecycle true
9 verbose lifecycle react-social@1.0.0~build: PATH: /usr/local/lib/node_modules/npm/bin/node-gyp-bin:/Users/Qolzam/projects/react/react-social-network/node_modules/.bin:/Users/Qolzam/.rvm/gems/ruby-2.4.1/bin:/Users/Qolzam/.rvm/gems/ruby-2.4.1@global/bin:/Users/Qolzam/.rvm/rubies/ruby-2.4.1/bin:/Applications/Android Studio.app/sdk/tools:/Users/Qolzam/Library/Android/sdk/platform-tools:/Users/Qolzam/Library/Android/sdk/tools:/usr/local/bin:/usr/bin:/bin:/usr/sbin:/sbin:/opt/X11/bin:/usr/local/CrossPack-AVR/bin:/usr/local/share/dotnet:/usr/local/git/bin:/Library/Frameworks/Mono.framework/Versions/Current/Commands:/Users/Qolzam/.rvm/gems/ruby-2.4.1/bin:/Users/Qolzam/.rvm/gems/ruby-2.4.1@global/bin:/Users/Qolzam/.rvm/rubies/ruby-2.4.1/bin:/Applications/Android Studio.app/sdk/tools:/Users/Qolzam/Library/Android/sdk/platform-tools:/Users/Qolzam/Library/Android/sdk/tools:/Users/Qolzam/.rvm/bin:/usr/local/bin
10 verbose lifecycle react-social@1.0.0~build: CWD: /Users/Qolzam/projects/react/react-social-network
11 silly lifecycle react-social@1.0.0~build: Args: [ '-c', 'react-scripts-ts build' ]
12 silly lifecycle react-social@1.0.0~build: Returned: code: 1  signal: null
13 info lifecycle react-social@1.0.0~build: Failed to exec build script
14 verbose stack Error: react-social@1.0.0 build: `react-scripts-ts build`
14 verbose stack Exit status 1
14 verbose stack     at EventEmitter.<anonymous> (/usr/local/lib/node_modules/npm/lib/utils/lifecycle.js:255:16)
14 verbose stack     at emitTwo (events.js:106:13)
14 verbose stack     at EventEmitter.emit (events.js:191:7)
14 verbose stack     at ChildProcess.<anonymous> (/usr/local/lib/node_modules/npm/lib/utils/spawn.js:40:14)
14 verbose stack     at emitTwo (events.js:106:13)
14 verbose stack     at ChildProcess.emit (events.js:191:7)
14 verbose stack     at maybeClose (internal/child_process.js:885:16)
14 verbose stack     at Process.ChildProcess._handle.onexit (internal/child_process.js:226:5)
15 verbose pkgid react-social@1.0.0
16 verbose cwd /Users/Qolzam/projects/react/react-social-network
17 error Darwin 16.7.0
18 error argv "/usr/local/bin/node" "/usr/local/bin/npm" "run" "build"
19 error node v7.3.0
20 error npm  v3.10.10
21 error code ELIFECYCLE
22 error react-social@1.0.0 build: `react-scripts-ts build`
22 error Exit status 1
23 error Failed at the react-social@1.0.0 build script 'react-scripts-ts build'.
23 error Make sure you have the latest version of node.js and npm installed.
23 error If you do, this is most likely a problem with the react-social package,
23 error not with npm itself.
23 error Tell the author that this fails on your system:
23 error     react-scripts-ts build
23 error You can get information on how to open an issue for this project with:
23 error     npm bugs react-social
23 error Or if that isn't available, you can get their info via:
23 error     npm owner ls react-social
23 error There is likely additional logging output above.
24 verbose exit [ 1, true ]
